WARNING:werkzeug: * Debugger is active!
INFO:werkzeug: * Debugger PIN: 127-594-215
INFO:wrangling_scripts.wrangle_data:Return figures initiated
INFO:wrangling_scripts.wrangle_data:Cleaning Initiated
INFO:wrangling_scripts.wrangle_data:Gathering data skipped
INFO:wrangling_scripts.wrangle_data:Cleaning data in-progress
INFO:wrangling_scripts.wrangle_data:           symbol      close    volume                            name
date                                                                  
2024-03-22     GT  12.754286  3.425063  Goodyear Tire & Rubber Company
2024-03-25     GT  12.850000  3.195394  Goodyear Tire & Rubber Company
2024-03-26     GT  12.947143  3.200230  Goodyear Tire & Rubber Company
2024-03-27     GT  13.107143  2.749150  Goodyear Tire & Rubber Company
2024-03-28     GT  13.278571  2.729311  Goodyear Tire & Rubber Company
INFO:wrangling_scripts.wrangle_data:           symbol      close    volume                            name
date                                                                  
2023-11-01     GT  13.084286  5.358229  Goodyear Tire & Rubber Company
2023-12-01     GT  14.293571  3.946029  Goodyear Tire & Rubber Company
2024-01-01     GT  13.841429  4.605829  Goodyear Tire & Rubber Company
2024-02-01     GT  12.976429  9.046845  Goodyear Tire & Rubber Company
2024-03-01     GT  12.435000  3.733996  Goodyear Tire & Rubber Company
INFO:wrangling_scripts.wrangle_data:Stock name: Goodyear Tire & Rubber Company
INFO:wrangling_scripts.wrangle_data:           symbol      close    volume                            name
date                                                                  
2023-11-01     GT  13.084286  5.358229  Goodyear Tire & Rubber Company
2023-12-01     GT  14.293571  3.946029  Goodyear Tire & Rubber Company
2024-01-01     GT  13.841429  4.605829  Goodyear Tire & Rubber Company
2024-02-01     GT  12.976429  9.046845  Goodyear Tire & Rubber Company
2024-03-01     GT  12.435000  3.733996  Goodyear Tire & Rubber Company
INFO:wrangling_scripts.wrangle_data:Predicting stock initiated
INFO:wrangling_scripts.wrangle_data:Predicting volume initiated
INFO:wrangling_scripts.wrangle_data:predict period start 111
INFO:wrangling_scripts.wrangle_data:predict period end 135
INFO:werkzeug:127.0.0.1 - - [08/Apr/2024 16:37:42] "GET / HTTP/1.1" 200 -
INFO:werkzeug:127.0.0.1 - - [08/Apr/2024 16:37:42] "[36mGET /static/img/linkedinlogo.png HTTP/1.1[0m" 304 -
INFO:werkzeug:127.0.0.1 - - [08/Apr/2024 16:37:42] "[36mGET /static/img/githublogo.png HTTP/1.1[0m" 304 -
INFO:wrangling_scripts.wrangle_data:Return figures initiated
INFO:wrangling_scripts.wrangle_data:Cleaning Initiated
INFO:wrangling_scripts.wrangle_data:Gathering data skipped
INFO:wrangling_scripts.wrangle_data:Cleaning data in-progress
INFO:wrangling_scripts.wrangle_data:           symbol      close    volume                            name
date                                                                  
2024-03-22     GT  12.754286  3.425063  Goodyear Tire & Rubber Company
2024-03-25     GT  12.850000  3.195394  Goodyear Tire & Rubber Company
2024-03-26     GT  12.947143  3.200230  Goodyear Tire & Rubber Company
2024-03-27     GT  13.107143  2.749150  Goodyear Tire & Rubber Company
2024-03-28     GT  13.278571  2.729311  Goodyear Tire & Rubber Company
INFO:wrangling_scripts.wrangle_data:           symbol      close    volume                            name
date                                                                  
2023-11-01     GT  13.084286  5.358229  Goodyear Tire & Rubber Company
2023-12-01     GT  14.293571  3.946029  Goodyear Tire & Rubber Company
2024-01-01     GT  13.841429  4.605829  Goodyear Tire & Rubber Company
2024-02-01     GT  12.976429  9.046845  Goodyear Tire & Rubber Company
2024-03-01     GT  12.435000  3.733996  Goodyear Tire & Rubber Company
INFO:wrangling_scripts.wrangle_data:Stock name: Goodyear Tire & Rubber Company
INFO:wrangling_scripts.wrangle_data:           symbol      close    volume                            name
date                                                                  
2023-11-01     GT  13.084286  5.358229  Goodyear Tire & Rubber Company
2023-12-01     GT  14.293571  3.946029  Goodyear Tire & Rubber Company
2024-01-01     GT  13.841429  4.605829  Goodyear Tire & Rubber Company
2024-02-01     GT  12.976429  9.046845  Goodyear Tire & Rubber Company
2024-03-01     GT  12.435000  3.733996  Goodyear Tire & Rubber Company
INFO:wrangling_scripts.wrangle_data:Predicting stock initiated
INFO:wrangling_scripts.wrangle_data:Predicting volume initiated
INFO:wrangling_scripts.wrangle_data:predict period start 111
INFO:wrangling_scripts.wrangle_data:predict period end 135
INFO:werkzeug:127.0.0.1 - - [08/Apr/2024 16:38:53] "GET / HTTP/1.1" 200 -
INFO:werkzeug:127.0.0.1 - - [08/Apr/2024 16:38:53] "[36mGET /static/img/githublogo.png HTTP/1.1[0m" 304 -
INFO:werkzeug:127.0.0.1 - - [08/Apr/2024 16:38:53] "[36mGET /static/img/linkedinlogo.png HTTP/1.1[0m" 304 -
INFO:wrangling_scripts.wrangle_data:Return figures initiated
INFO:wrangling_scripts.wrangle_data:Cleaning Initiated
INFO:wrangling_scripts.wrangle_data:Gathering data skipped
INFO:wrangling_scripts.wrangle_data:Cleaning data in-progress
INFO:wrangling_scripts.wrangle_data:           symbol      close    volume                            name
date                                                                  
2024-03-22     GT  12.754286  3.425063  Goodyear Tire & Rubber Company
2024-03-25     GT  12.850000  3.195394  Goodyear Tire & Rubber Company
2024-03-26     GT  12.947143  3.200230  Goodyear Tire & Rubber Company
2024-03-27     GT  13.107143  2.749150  Goodyear Tire & Rubber Company
2024-03-28     GT  13.278571  2.729311  Goodyear Tire & Rubber Company
INFO:wrangling_scripts.wrangle_data:           symbol      close    volume                            name
date                                                                  
2023-11-01     GT  13.084286  5.358229  Goodyear Tire & Rubber Company
2023-12-01     GT  14.293571  3.946029  Goodyear Tire & Rubber Company
2024-01-01     GT  13.841429  4.605829  Goodyear Tire & Rubber Company
2024-02-01     GT  12.976429  9.046845  Goodyear Tire & Rubber Company
2024-03-01     GT  12.435000  3.733996  Goodyear Tire & Rubber Company
INFO:wrangling_scripts.wrangle_data:Stock name: Goodyear Tire & Rubber Company
INFO:wrangling_scripts.wrangle_data:           symbol      close    volume                            name
date                                                                  
2023-11-01     GT  13.084286  5.358229  Goodyear Tire & Rubber Company
2023-12-01     GT  14.293571  3.946029  Goodyear Tire & Rubber Company
2024-01-01     GT  13.841429  4.605829  Goodyear Tire & Rubber Company
2024-02-01     GT  12.976429  9.046845  Goodyear Tire & Rubber Company
2024-03-01     GT  12.435000  3.733996  Goodyear Tire & Rubber Company
INFO:wrangling_scripts.wrangle_data:Predicting stock initiated
INFO:wrangling_scripts.wrangle_data:Predicting volume initiated
INFO:wrangling_scripts.wrangle_data:predict period start 111
INFO:wrangling_scripts.wrangle_data:predict period end 135
INFO:werkzeug:127.0.0.1 - - [08/Apr/2024 16:38:56] "GET / HTTP/1.1" 200 -
INFO:werkzeug:127.0.0.1 - - [08/Apr/2024 16:38:56] "[36mGET /static/img/linkedinlogo.png HTTP/1.1[0m" 304 -
INFO:werkzeug:127.0.0.1 - - [08/Apr/2024 16:38:56] "[36mGET /static/img/githublogo.png HTTP/1.1[0m" 304 -
INFO:wrangling_scripts.wrangle_data:Return figures initiated
INFO:wrangling_scripts.wrangle_data:Cleaning Initiated
INFO:wrangling_scripts.wrangle_data:Gathering data skipped
INFO:wrangling_scripts.wrangle_data:Cleaning data in-progress
INFO:wrangling_scripts.wrangle_data:           symbol      close    volume                            name
date                                                                  
2024-03-22     GT  12.754286  3.425063  Goodyear Tire & Rubber Company
2024-03-25     GT  12.850000  3.195394  Goodyear Tire & Rubber Company
2024-03-26     GT  12.947143  3.200230  Goodyear Tire & Rubber Company
2024-03-27     GT  13.107143  2.749150  Goodyear Tire & Rubber Company
2024-03-28     GT  13.278571  2.729311  Goodyear Tire & Rubber Company
INFO:wrangling_scripts.wrangle_data:           symbol      close    volume                            name
date                                                                  
2023-11-01     GT  13.084286  5.358229  Goodyear Tire & Rubber Company
2023-12-01     GT  14.293571  3.946029  Goodyear Tire & Rubber Company
2024-01-01     GT  13.841429  4.605829  Goodyear Tire & Rubber Company
2024-02-01     GT  12.976429  9.046845  Goodyear Tire & Rubber Company
2024-03-01     GT  12.435000  3.733996  Goodyear Tire & Rubber Company
INFO:wrangling_scripts.wrangle_data:Stock name: Goodyear Tire & Rubber Company
INFO:wrangling_scripts.wrangle_data:           symbol      close    volume                            name
date                                                                  
2023-11-01     GT  13.084286  5.358229  Goodyear Tire & Rubber Company
2023-12-01     GT  14.293571  3.946029  Goodyear Tire & Rubber Company
2024-01-01     GT  13.841429  4.605829  Goodyear Tire & Rubber Company
2024-02-01     GT  12.976429  9.046845  Goodyear Tire & Rubber Company
2024-03-01     GT  12.435000  3.733996  Goodyear Tire & Rubber Company
INFO:wrangling_scripts.wrangle_data:Predicting stock initiated
INFO:wrangling_scripts.wrangle_data:Predicting volume initiated
INFO:wrangling_scripts.wrangle_data:predict period start 111
INFO:wrangling_scripts.wrangle_data:predict period end 135
INFO:werkzeug:127.0.0.1 - - [08/Apr/2024 16:40:51] "GET / HTTP/1.1" 200 -
INFO:werkzeug:127.0.0.1 - - [08/Apr/2024 16:40:51] "[36mGET /static/img/linkedinlogo.png HTTP/1.1[0m" 304 -
INFO:werkzeug:127.0.0.1 - - [08/Apr/2024 16:40:51] "[36mGET /static/img/githublogo.png HTTP/1.1[0m" 304 -
INFO:wrangling_scripts.wrangle_data:Return figures initiated
INFO:wrangling_scripts.wrangle_data:Cleaning Initiated
INFO:wrangling_scripts.wrangle_data:Gathering data skipped
INFO:wrangling_scripts.wrangle_data:Cleaning data in-progress
INFO:wrangling_scripts.wrangle_data:           symbol      close    volume                            name
date                                                                  
2024-03-22     GT  12.754286  3.425063  Goodyear Tire & Rubber Company
2024-03-25     GT  12.850000  3.195394  Goodyear Tire & Rubber Company
2024-03-26     GT  12.947143  3.200230  Goodyear Tire & Rubber Company
2024-03-27     GT  13.107143  2.749150  Goodyear Tire & Rubber Company
2024-03-28     GT  13.278571  2.729311  Goodyear Tire & Rubber Company
INFO:wrangling_scripts.wrangle_data:           symbol      close    volume                            name
date                                                                  
2023-11-01     GT  13.084286  5.358229  Goodyear Tire & Rubber Company
2023-12-01     GT  14.293571  3.946029  Goodyear Tire & Rubber Company
2024-01-01     GT  13.841429  4.605829  Goodyear Tire & Rubber Company
2024-02-01     GT  12.976429  9.046845  Goodyear Tire & Rubber Company
2024-03-01     GT  12.435000  3.733996  Goodyear Tire & Rubber Company
INFO:wrangling_scripts.wrangle_data:Stock name: Goodyear Tire & Rubber Company
INFO:wrangling_scripts.wrangle_data:           symbol      close    volume                            name
date                                                                  
2023-11-01     GT  13.084286  5.358229  Goodyear Tire & Rubber Company
2023-12-01     GT  14.293571  3.946029  Goodyear Tire & Rubber Company
2024-01-01     GT  13.841429  4.605829  Goodyear Tire & Rubber Company
2024-02-01     GT  12.976429  9.046845  Goodyear Tire & Rubber Company
2024-03-01     GT  12.435000  3.733996  Goodyear Tire & Rubber Company
INFO:wrangling_scripts.wrangle_data:Predicting stock initiated
INFO:wrangling_scripts.wrangle_data:Predicting volume initiated
INFO:wrangling_scripts.wrangle_data:predict period start 111
INFO:wrangling_scripts.wrangle_data:predict period end 135
INFO:werkzeug:127.0.0.1 - - [08/Apr/2024 16:43:47] "GET / HTTP/1.1" 200 -
INFO:werkzeug:127.0.0.1 - - [08/Apr/2024 16:43:47] "[36mGET /static/img/linkedinlogo.png HTTP/1.1[0m" 304 -
INFO:werkzeug:127.0.0.1 - - [08/Apr/2024 16:43:47] "[36mGET /static/img/githublogo.png HTTP/1.1[0m" 304 -
INFO:wrangling_scripts.wrangle_data:Return figures initiated
INFO:wrangling_scripts.wrangle_data:Cleaning Initiated
INFO:wrangling_scripts.wrangle_data:Gathering data skipped
INFO:wrangling_scripts.wrangle_data:Cleaning data in-progress
INFO:wrangling_scripts.wrangle_data:           symbol      close    volume                            name
date                                                                  
2024-03-22     GT  12.754286  3.425063  Goodyear Tire & Rubber Company
2024-03-25     GT  12.850000  3.195394  Goodyear Tire & Rubber Company
2024-03-26     GT  12.947143  3.200230  Goodyear Tire & Rubber Company
2024-03-27     GT  13.107143  2.749150  Goodyear Tire & Rubber Company
2024-03-28     GT  13.278571  2.729311  Goodyear Tire & Rubber Company
INFO:wrangling_scripts.wrangle_data:           symbol      close    volume                            name
date                                                                  
2023-11-01     GT  13.084286  5.358229  Goodyear Tire & Rubber Company
2023-12-01     GT  14.293571  3.946029  Goodyear Tire & Rubber Company
2024-01-01     GT  13.841429  4.605829  Goodyear Tire & Rubber Company
2024-02-01     GT  12.976429  9.046845  Goodyear Tire & Rubber Company
2024-03-01     GT  12.435000  3.733996  Goodyear Tire & Rubber Company
INFO:wrangling_scripts.wrangle_data:Stock name: Goodyear Tire & Rubber Company
INFO:wrangling_scripts.wrangle_data:           symbol      close    volume                            name
date                                                                  
2023-11-01     GT  13.084286  5.358229  Goodyear Tire & Rubber Company
2023-12-01     GT  14.293571  3.946029  Goodyear Tire & Rubber Company
2024-01-01     GT  13.841429  4.605829  Goodyear Tire & Rubber Company
2024-02-01     GT  12.976429  9.046845  Goodyear Tire & Rubber Company
2024-03-01     GT  12.435000  3.733996  Goodyear Tire & Rubber Company
INFO:wrangling_scripts.wrangle_data:Predicting stock initiated
INFO:wrangling_scripts.wrangle_data:Predicting volume initiated
INFO:wrangling_scripts.wrangle_data:predict period start 111
INFO:wrangling_scripts.wrangle_data:predict period end 135
INFO:werkzeug:127.0.0.1 - - [08/Apr/2024 16:53:29] "GET / HTTP/1.1" 200 -
INFO:werkzeug:127.0.0.1 - - [08/Apr/2024 16:53:29] "[33mGET /apple-touch-icon-precomposed.png HTTP/1.1[0m" 404 -
INFO:werkzeug:127.0.0.1 - - [08/Apr/2024 16:53:29] "[33mGET /apple-touch-icon.png HTTP/1.1[0m" 404 -
INFO:werkzeug:127.0.0.1 - - [08/Apr/2024 16:53:29] "[33mGET /favicons/favicon.ico HTTP/1.1[0m" 404 -
INFO:werkzeug:127.0.0.1 - - [08/Apr/2024 16:53:30] "[33mGET /favicon.ico HTTP/1.1[0m" 404 -
INFO:werkzeug:127.0.0.1 - - [08/Apr/2024 16:53:30] "[33mGET /apple-touch-icon-precomposed.png HTTP/1.1[0m" 404 -
INFO:werkzeug:127.0.0.1 - - [08/Apr/2024 16:53:30] "[33mGET /apple-touch-icon.png HTTP/1.1[0m" 404 -
INFO:werkzeug:127.0.0.1 - - [08/Apr/2024 16:53:30] "[33mGET /favicons/favicon.ico HTTP/1.1[0m" 404 -
INFO:werkzeug:127.0.0.1 - - [08/Apr/2024 16:53:30] "[33mGET /favicon.ico HTTP/1.1[0m" 404 -
INFO:wrangling_scripts.wrangle_data:Return figures initiated
INFO:wrangling_scripts.wrangle_data:Cleaning Initiated
INFO:wrangling_scripts.wrangle_data:Gathering data skipped
INFO:wrangling_scripts.wrangle_data:Cleaning data in-progress
INFO:wrangling_scripts.wrangle_data:           symbol      close    volume                            name
date                                                                  
2024-03-22     GT  12.754286  3.425063  Goodyear Tire & Rubber Company
2024-03-25     GT  12.850000  3.195394  Goodyear Tire & Rubber Company
2024-03-26     GT  12.947143  3.200230  Goodyear Tire & Rubber Company
2024-03-27     GT  13.107143  2.749150  Goodyear Tire & Rubber Company
2024-03-28     GT  13.278571  2.729311  Goodyear Tire & Rubber Company
INFO:wrangling_scripts.wrangle_data:           symbol      close    volume                            name
date                                                                  
2023-11-01     GT  13.084286  5.358229  Goodyear Tire & Rubber Company
2023-12-01     GT  14.293571  3.946029  Goodyear Tire & Rubber Company
2024-01-01     GT  13.841429  4.605829  Goodyear Tire & Rubber Company
2024-02-01     GT  12.976429  9.046845  Goodyear Tire & Rubber Company
2024-03-01     GT  12.435000  3.733996  Goodyear Tire & Rubber Company
INFO:wrangling_scripts.wrangle_data:Stock name: Goodyear Tire & Rubber Company
INFO:wrangling_scripts.wrangle_data:           symbol      close    volume                            name
date                                                                  
2023-11-01     GT  13.084286  5.358229  Goodyear Tire & Rubber Company
2023-12-01     GT  14.293571  3.946029  Goodyear Tire & Rubber Company
2024-01-01     GT  13.841429  4.605829  Goodyear Tire & Rubber Company
2024-02-01     GT  12.976429  9.046845  Goodyear Tire & Rubber Company
2024-03-01     GT  12.435000  3.733996  Goodyear Tire & Rubber Company
INFO:wrangling_scripts.wrangle_data:Predicting stock initiated
INFO:wrangling_scripts.wrangle_data:Predicting volume initiated
INFO:wrangling_scripts.wrangle_data:predict period start 111
INFO:wrangling_scripts.wrangle_data:predict period end 135
INFO:werkzeug:127.0.0.1 - - [08/Apr/2024 16:53:30] "GET / HTTP/1.1" 200 -
INFO:werkzeug:127.0.0.1 - - [08/Apr/2024 16:53:30] "[33mGET /apple-touch-icon-precomposed.png HTTP/1.1[0m" 404 -
INFO:werkzeug:127.0.0.1 - - [08/Apr/2024 16:53:30] "[33mGET /apple-touch-icon.png HTTP/1.1[0m" 404 -
INFO:werkzeug:127.0.0.1 - - [08/Apr/2024 16:53:30] "[33mGET /favicons/favicon.ico HTTP/1.1[0m" 404 -
INFO:werkzeug:127.0.0.1 - - [08/Apr/2024 16:53:30] "[33mGET /favicon.ico HTTP/1.1[0m" 404 -
INFO:werkzeug:127.0.0.1 - - [08/Apr/2024 16:53:30] "[33mGET /apple-touch-icon-precomposed.png HTTP/1.1[0m" 404 -
INFO:werkzeug:127.0.0.1 - - [08/Apr/2024 16:53:30] "[33mGET /apple-touch-icon.png HTTP/1.1[0m" 404 -
INFO:werkzeug:127.0.0.1 - - [08/Apr/2024 16:53:30] "[33mGET /favicons/favicon.ico HTTP/1.1[0m" 404 -
INFO:werkzeug:127.0.0.1 - - [08/Apr/2024 16:53:30] "[33mGET /favicon.ico HTTP/1.1[0m" 404 -
